Determining if the pthread_create exist failed with the following output:
Change Dir: /home/zubuntu/Projects/sdu_courses/rovis/project/RwsInterface/EX9_WORKSPACE_ANALYSIS/build/CMakeFiles/CMakeTmp

Run Build Command:"/usr/bin/make" "cmTC_bc676/fast"
/usr/bin/make -f CMakeFiles/cmTC_bc676.dir/build.make CMakeFiles/cmTC_bc676.dir/build
make[1]: Entering directory '/home/zubuntu/Projects/sdu_courses/rovis/project/RwsInterface/EX9_WORKSPACE_ANALYSIS/build/CMakeFiles/CMakeTmp'
Building C object CMakeFiles/cmTC_bc676.dir/CheckSymbolExists.c.o
/usr/bin/cc    -o CMakeFiles/cmTC_bc676.dir/CheckSymbolExists.c.o   -c /home/zubuntu/Projects/sdu_courses/rovis/project/RwsInterface/EX9_WORKSPACE_ANALYSIS/build/CMakeFiles/CMakeTmp/CheckSymbolExists.c
Linking C executable cmTC_bc676
/home/zubuntu/.local/lib/python3.6/site-packages/cmake/data/bin/cmake -E cmake_link_script CMakeFiles/cmTC_bc676.dir/link.txt --verbose=1
/usr/bin/cc      -rdynamic CMakeFiles/cmTC_bc676.dir/CheckSymbolExists.c.o  -o cmTC_bc676 
CMakeFiles/cmTC_bc676.dir/CheckSymbolExists.c.o: In function `main':
CheckSymbolExists.c:(.text+0x1b): undefined reference to `pthread_create'
collect2: error: ld returned 1 exit status
CMakeFiles/cmTC_bc676.dir/build.make:86: recipe for target 'cmTC_bc676' failed
make[1]: *** [cmTC_bc676] Error 1
make[1]: Leaving directory '/home/zubuntu/Projects/sdu_courses/rovis/project/RwsInterface/EX9_WORKSPACE_ANALYSIS/build/CMakeFiles/CMakeTmp'
Makefile:121: recipe for target 'cmTC_bc676/fast' failed
make: *** [cmTC_bc676/fast] Error 2

File /home/zubuntu/Projects/sdu_courses/rovis/project/RwsInterface/EX9_WORKSPACE_ANALYSIS/build/CMakeFiles/CMakeTmp/CheckSymbolExists.c:
/* */
#include <pthread.h>

int main(int argc, char** argv)
{
  (void)argv;
#ifndef pthread_create
  return ((int*)(&pthread_create))[argc];
#else
  (void)argc;
  return 0;
#endif
}

Determining if the function pthread_create exists in the pthreads failed with the following output:
Change Dir: /home/zubuntu/Projects/sdu_courses/rovis/project/RwsInterface/EX9_WORKSPACE_ANALYSIS/build/CMakeFiles/CMakeTmp

Run Build Command:"/usr/bin/make" "cmTC_99205/fast"
/usr/bin/make -f CMakeFiles/cmTC_99205.dir/build.make CMakeFiles/cmTC_99205.dir/build
make[1]: Entering directory '/home/zubuntu/Projects/sdu_courses/rovis/project/RwsInterface/EX9_WORKSPACE_ANALYSIS/build/CMakeFiles/CMakeTmp'
Building C object CMakeFiles/cmTC_99205.dir/CheckFunctionExists.c.o
/usr/bin/cc   -DCHECK_FUNCTION_EXISTS=pthread_create   -o CMakeFiles/cmTC_99205.dir/CheckFunctionExists.c.o   -c /home/zubuntu/.local/lib/python3.6/site-packages/cmake/data/share/cmake-3.13/Modules/CheckFunctionExists.c
Linking C executable cmTC_99205
/home/zubuntu/.local/lib/python3.6/site-packages/cmake/data/bin/cmake -E cmake_link_script CMakeFiles/cmTC_99205.dir/link.txt --verbose=1
/usr/bin/cc  -DCHECK_FUNCTION_EXISTS=pthread_create    -rdynamic CMakeFiles/cmTC_99205.dir/CheckFunctionExists.c.o  -o cmTC_99205 -lpthreads 
/usr/bin/ld: cannot find -lpthreads
collect2: error: ld returned 1 exit status
CMakeFiles/cmTC_99205.dir/build.make:86: recipe for target 'cmTC_99205' failed
make[1]: *** [cmTC_99205] Error 1
make[1]: Leaving directory '/home/zubuntu/Projects/sdu_courses/rovis/project/RwsInterface/EX9_WORKSPACE_ANALYSIS/build/CMakeFiles/CMakeTmp'
Makefile:121: recipe for target 'cmTC_99205/fast' failed
make: *** [cmTC_99205/fast] Error 2


